\\RBAMVGF10\U_KHORSHIM$\MY DOCUMENTS\VISUAL STUDIO 2012\PROJECTS\ISPOR_HIP_MODEL_CONSOLEAPP\ISPOR_HIP_MODEL_CONSOLEAPP\DEBUG\CEMODEL.OBJ
\\RBAMVGF10\U_KHORSHIM$\MY DOCUMENTS\VISUAL STUDIO 2012\PROJECTS\ISPOR_HIP_MODEL_CONSOLEAPP\ISPOR_HIP_MODEL_CONSOLEAPP\DEBUG\ISPOR_HIP_MODEL_CONSOLEAPP.OBJ
\\RBAMVGF10\U_KHORSHIM$\MY DOCUMENTS\VISUAL STUDIO 2012\PROJECTS\ISPOR_HIP_MODEL_CONSOLEAPP\ISPOR_HIP_MODEL_CONSOLEAPP\DEBUG\MODELINPUT.OBJ
\\RBAMVGF10\U_KHORSHIM$\MY DOCUMENTS\VISUAL STUDIO 2012\PROJECTS\ISPOR_HIP_MODEL_CONSOLEAPP\ISPOR_HIP_MODEL_CONSOLEAPP\DEBUG\MODELOUTCOME.OBJ
\\RBAMVGF10\U_KHORSHIM$\MY DOCUMENTS\VISUAL STUDIO 2012\PROJECTS\ISPOR_HIP_MODEL_CONSOLEAPP\ISPOR_HIP_MODEL_CONSOLEAPP\DEBUG\STOCHASTICPARAMETERS.OBJ
\\RBAMVGF10\U_KHORSHIM$\MY DOCUMENTS\VISUAL STUDIO 2012\PROJECTS\ISPOR_HIP_MODEL_CONSOLEAPP\ISPOR_HIP_MODEL_CONSOLEAPP\DEBUG\VC110.PDB
\\rbamvgf10\u_khorshim$\my documents\visual studio 2012\Projects\ISPOR_HIP_MODEL_CONSOLEAPP\ISPOR_HIP_MODEL_CONSOLEAPP\Debug\CEModel.obj
\\rbamvgf10\u_khorshim$\my documents\visual studio 2012\Projects\ISPOR_HIP_MODEL_CONSOLEAPP\ISPOR_HIP_MODEL_CONSOLEAPP\Debug\ISPOR_HIP_MODEL_CONSOLEAPP.obj
\\rbamvgf10\u_khorshim$\my documents\visual studio 2012\Projects\ISPOR_HIP_MODEL_CONSOLEAPP\ISPOR_HIP_MODEL_CONSOLEAPP\Debug\ModelInput.obj
\\rbamvgf10\u_khorshim$\my documents\visual studio 2012\Projects\ISPOR_HIP_MODEL_CONSOLEAPP\ISPOR_HIP_MODEL_CONSOLEAPP\Debug\ModelOutcome.obj
\\rbamvgf10\u_khorshim$\my documents\visual studio 2012\Projects\ISPOR_HIP_MODEL_CONSOLEAPP\ISPOR_HIP_MODEL_CONSOLEAPP\Debug\StochasticParameters.obj
\\rbamvgf10\u_khorshim$\my documents\visual studio 2012\Projects\ISPOR_HIP_MODEL_CONSOLEAPP\ISPOR_HIP_MODEL_CONSOLEAPP\Debug\cl.command.1.tlog
\\rbamvgf10\u_khorshim$\my documents\visual studio 2012\Projects\ISPOR_HIP_MODEL_CONSOLEAPP\ISPOR_HIP_MODEL_CONSOLEAPP\Debug\CL.read.1.tlog
\\rbamvgf10\u_khorshim$\my documents\visual studio 2012\Projects\ISPOR_HIP_MODEL_CONSOLEAPP\ISPOR_HIP_MODEL_CONSOLEAPP\Debug\CL.write.1.tlog
\\rbamvgf10\u_khorshim$\my documents\visual studio 2012\Projects\ISPOR_HIP_MODEL_CONSOLEAPP\ISPOR_HIP_MODEL_CONSOLEAPP\Debug\link-cvtres.read.1.tlog
\\rbamvgf10\u_khorshim$\my documents\visual studio 2012\Projects\ISPOR_HIP_MODEL_CONSOLEAPP\ISPOR_HIP_MODEL_CONSOLEAPP\Debug\link-cvtres.write.1.tlog
\\rbamvgf10\u_khorshim$\my documents\visual studio 2012\Projects\ISPOR_HIP_MODEL_CONSOLEAPP\ISPOR_HIP_MODEL_CONSOLEAPP\Debug\link-rc.read.1.tlog
\\rbamvgf10\u_khorshim$\my documents\visual studio 2012\Projects\ISPOR_HIP_MODEL_CONSOLEAPP\ISPOR_HIP_MODEL_CONSOLEAPP\Debug\link-rc.write.1.tlog
\\rbamvgf10\u_khorshim$\my documents\visual studio 2012\Projects\ISPOR_HIP_MODEL_CONSOLEAPP\ISPOR_HIP_MODEL_CONSOLEAPP\Debug\link.7264-cvtres.read.1.tlog
\\rbamvgf10\u_khorshim$\my documents\visual studio 2012\Projects\ISPOR_HIP_MODEL_CONSOLEAPP\ISPOR_HIP_MODEL_CONSOLEAPP\Debug\link.7264-cvtres.write.1.tlog
\\rbamvgf10\u_khorshim$\my documents\visual studio 2012\Projects\ISPOR_HIP_MODEL_CONSOLEAPP\ISPOR_HIP_MODEL_CONSOLEAPP\Debug\link.7264-rc.read.1.tlog
\\rbamvgf10\u_khorshim$\my documents\visual studio 2012\Projects\ISPOR_HIP_MODEL_CONSOLEAPP\ISPOR_HIP_MODEL_CONSOLEAPP\Debug\link.7264-rc.write.1.tlog
\\rbamvgf10\u_khorshim$\my documents\visual studio 2012\Projects\ISPOR_HIP_MODEL_CONSOLEAPP\ISPOR_HIP_MODEL_CONSOLEAPP\Debug\link.7264.read.1.tlog
\\rbamvgf10\u_khorshim$\my documents\visual studio 2012\Projects\ISPOR_HIP_MODEL_CONSOLEAPP\ISPOR_HIP_MODEL_CONSOLEAPP\Debug\link.7264.write.1.tlog
\\rbamvgf10\u_khorshim$\my documents\visual studio 2012\Projects\ISPOR_HIP_MODEL_CONSOLEAPP\ISPOR_HIP_MODEL_CONSOLEAPP\Debug\link.8396-cvtres.read.1.tlog
\\rbamvgf10\u_khorshim$\my documents\visual studio 2012\Projects\ISPOR_HIP_MODEL_CONSOLEAPP\ISPOR_HIP_MODEL_CONSOLEAPP\Debug\link.8396-cvtres.write.1.tlog
\\rbamvgf10\u_khorshim$\my documents\visual studio 2012\Projects\ISPOR_HIP_MODEL_CONSOLEAPP\ISPOR_HIP_MODEL_CONSOLEAPP\Debug\link.8396-rc.read.1.tlog
\\rbamvgf10\u_khorshim$\my documents\visual studio 2012\Projects\ISPOR_HIP_MODEL_CONSOLEAPP\ISPOR_HIP_MODEL_CONSOLEAPP\Debug\link.8396-rc.write.1.tlog
\\rbamvgf10\u_khorshim$\my documents\visual studio 2012\Projects\ISPOR_HIP_MODEL_CONSOLEAPP\ISPOR_HIP_MODEL_CONSOLEAPP\Debug\link.8396.read.1.tlog
\\rbamvgf10\u_khorshim$\my documents\visual studio 2012\Projects\ISPOR_HIP_MODEL_CONSOLEAPP\ISPOR_HIP_MODEL_CONSOLEAPP\Debug\link.8396.write.1.tlog
\\rbamvgf10\u_khorshim$\my documents\visual studio 2012\Projects\ISPOR_HIP_MODEL_CONSOLEAPP\ISPOR_HIP_MODEL_CONSOLEAPP\Debug\link.9008-cvtres.read.1.tlog
\\rbamvgf10\u_khorshim$\my documents\visual studio 2012\Projects\ISPOR_HIP_MODEL_CONSOLEAPP\ISPOR_HIP_MODEL_CONSOLEAPP\Debug\link.9008-cvtres.write.1.tlog
\\rbamvgf10\u_khorshim$\my documents\visual studio 2012\Projects\ISPOR_HIP_MODEL_CONSOLEAPP\ISPOR_HIP_MODEL_CONSOLEAPP\Debug\link.9008-rc.read.1.tlog
\\rbamvgf10\u_khorshim$\my documents\visual studio 2012\Projects\ISPOR_HIP_MODEL_CONSOLEAPP\ISPOR_HIP_MODEL_CONSOLEAPP\Debug\link.9008-rc.write.1.tlog
\\rbamvgf10\u_khorshim$\my documents\visual studio 2012\Projects\ISPOR_HIP_MODEL_CONSOLEAPP\ISPOR_HIP_MODEL_CONSOLEAPP\Debug\link.9008.read.1.tlog
\\rbamvgf10\u_khorshim$\my documents\visual studio 2012\Projects\ISPOR_HIP_MODEL_CONSOLEAPP\ISPOR_HIP_MODEL_CONSOLEAPP\Debug\link.9008.write.1.tlog
\\rbamvgf10\u_khorshim$\my documents\visual studio 2012\Projects\ISPOR_HIP_MODEL_CONSOLEAPP\ISPOR_HIP_MODEL_CONSOLEAPP\Debug\link.command.1.tlog
\\rbamvgf10\u_khorshim$\my documents\visual studio 2012\Projects\ISPOR_HIP_MODEL_CONSOLEAPP\ISPOR_HIP_MODEL_CONSOLEAPP\Debug\link.read.1.tlog
\\rbamvgf10\u_khorshim$\my documents\visual studio 2012\Projects\ISPOR_HIP_MODEL_CONSOLEAPP\ISPOR_HIP_MODEL_CONSOLEAPP\Debug\link.write.1.tlog
\\rbamvgf10\u_khorshim$\my documents\visual studio 2012\Projects\ISPOR_HIP_MODEL_CONSOLEAPP\ISPOR_HIP_MODEL_CONSOLEAPP\Debug\vc110.idb
\\rbamvgf10\u_khorshim$\my documents\visual studio 2012\Projects\ISPOR_HIP_MODEL_CONSOLEAPP\ISPOR_HIP_MODEL_CONSOLEAPP\Debug\vc110.pdb
