\\RBAMVGF10\U_KHORSHIM$\MY DOCUMENTS\VISUAL STUDIO 2012\PROJECTS\ISPOR_HIP_MODEL_CONSOLEAPP\ISPOR_HIP_MODEL_CONSOLEAPP\RELEASE\ISPOR_HIP_MODEL_CONSOLEAPP.OBJ
\\RBAMVGF10\U_KHORSHIM$\MY DOCUMENTS\VISUAL STUDIO 2012\PROJECTS\ISPOR_HIP_MODEL_CONSOLEAPP\ISPOR_HIP_MODEL_CONSOLEAPP\RELEASE\MODELINPUT.OBJ
\\RBAMVGF10\U_KHORSHIM$\MY DOCUMENTS\VISUAL STUDIO 2012\PROJECTS\ISPOR_HIP_MODEL_CONSOLEAPP\ISPOR_HIP_MODEL_CONSOLEAPP\RELEASE\CEMODEL.OBJ
\\RBAMVGF10\U_KHORSHIM$\MY DOCUMENTS\VISUAL STUDIO 2012\PROJECTS\ISPOR_HIP_MODEL_CONSOLEAPP\ISPOR_HIP_MODEL_CONSOLEAPP\RELEASE\MODELOUTCOME.OBJ
\\RBAMVGF10\U_KHORSHIM$\MY DOCUMENTS\VISUAL STUDIO 2012\PROJECTS\ISPOR_HIP_MODEL_CONSOLEAPP\ISPOR_HIP_MODEL_CONSOLEAPP\RELEASE\STOCHASTICPARAMETERS.OBJ
\\RBAMVGF10\U_KHORSHIM$\MY DOCUMENTS\VISUAL STUDIO 2012\PROJECTS\ISPOR_HIP_MODEL_CONSOLEAPP\ISPOR_HIP_MODEL_CONSOLEAPP\RELEASE\VC110.PDB
\\RBAMVGF10\U_KHORSHIM$\MY DOCUMENTS\VISUAL STUDIO 2012\PROJECTS\ISPOR_HIP_MODEL_CONSOLEAPP\RELEASE\ISPOR_HIP_MODEL_CONSOLEAPP.EXE
\\RBAMVGF10\U_KHORSHIM$\MY DOCUMENTS\VISUAL STUDIO 2012\PROJECTS\ISPOR_HIP_MODEL_CONSOLEAPP\RELEASE\ISPOR_HIP_MODEL_CONSOLEAPP.PDB
\\rbamvgf10\u_khorshim$\my documents\visual studio 2012\Projects\ISPOR_HIP_MODEL_CONSOLEAPP\ISPOR_HIP_MODEL_CONSOLEAPP\Release\CEModel.obj
\\rbamvgf10\u_khorshim$\my documents\visual studio 2012\Projects\ISPOR_HIP_MODEL_CONSOLEAPP\ISPOR_HIP_MODEL_CONSOLEAPP\Release\ISPOR_HIP_MODEL_CONSOLEAPP.obj
\\rbamvgf10\u_khorshim$\my documents\visual studio 2012\Projects\ISPOR_HIP_MODEL_CONSOLEAPP\ISPOR_HIP_MODEL_CONSOLEAPP\Release\ModelInput.obj
\\rbamvgf10\u_khorshim$\my documents\visual studio 2012\Projects\ISPOR_HIP_MODEL_CONSOLEAPP\ISPOR_HIP_MODEL_CONSOLEAPP\Release\ModelOutcome.obj
\\rbamvgf10\u_khorshim$\my documents\visual studio 2012\Projects\ISPOR_HIP_MODEL_CONSOLEAPP\ISPOR_HIP_MODEL_CONSOLEAPP\Release\StochasticParameters.obj
\\rbamvgf10\u_khorshim$\my documents\visual studio 2012\Projects\ISPOR_HIP_MODEL_CONSOLEAPP\ISPOR_HIP_MODEL_CONSOLEAPP\Release\CL.1420.read.1.tlog
\\rbamvgf10\u_khorshim$\my documents\visual studio 2012\Projects\ISPOR_HIP_MODEL_CONSOLEAPP\ISPOR_HIP_MODEL_CONSOLEAPP\Release\CL.1420.write.1.tlog
\\rbamvgf10\u_khorshim$\my documents\visual studio 2012\Projects\ISPOR_HIP_MODEL_CONSOLEAPP\ISPOR_HIP_MODEL_CONSOLEAPP\Release\CL.1648.read.1.tlog
\\rbamvgf10\u_khorshim$\my documents\visual studio 2012\Projects\ISPOR_HIP_MODEL_CONSOLEAPP\ISPOR_HIP_MODEL_CONSOLEAPP\Release\CL.1648.write.1.tlog
\\rbamvgf10\u_khorshim$\my documents\visual studio 2012\Projects\ISPOR_HIP_MODEL_CONSOLEAPP\ISPOR_HIP_MODEL_CONSOLEAPP\Release\CL.1860.read.1.tlog
\\rbamvgf10\u_khorshim$\my documents\visual studio 2012\Projects\ISPOR_HIP_MODEL_CONSOLEAPP\ISPOR_HIP_MODEL_CONSOLEAPP\Release\CL.1860.write.1.tlog
\\rbamvgf10\u_khorshim$\my documents\visual studio 2012\Projects\ISPOR_HIP_MODEL_CONSOLEAPP\ISPOR_HIP_MODEL_CONSOLEAPP\Release\CL.3256.read.1.tlog
\\rbamvgf10\u_khorshim$\my documents\visual studio 2012\Projects\ISPOR_HIP_MODEL_CONSOLEAPP\ISPOR_HIP_MODEL_CONSOLEAPP\Release\CL.3256.write.1.tlog
\\rbamvgf10\u_khorshim$\my documents\visual studio 2012\Projects\ISPOR_HIP_MODEL_CONSOLEAPP\ISPOR_HIP_MODEL_CONSOLEAPP\Release\CL.4484.read.1.tlog
\\rbamvgf10\u_khorshim$\my documents\visual studio 2012\Projects\ISPOR_HIP_MODEL_CONSOLEAPP\ISPOR_HIP_MODEL_CONSOLEAPP\Release\CL.4484.write.1.tlog
\\rbamvgf10\u_khorshim$\my documents\visual studio 2012\Projects\ISPOR_HIP_MODEL_CONSOLEAPP\ISPOR_HIP_MODEL_CONSOLEAPP\Release\CL.5108.read.1.tlog
\\rbamvgf10\u_khorshim$\my documents\visual studio 2012\Projects\ISPOR_HIP_MODEL_CONSOLEAPP\ISPOR_HIP_MODEL_CONSOLEAPP\Release\CL.5108.write.1.tlog
\\rbamvgf10\u_khorshim$\my documents\visual studio 2012\Projects\ISPOR_HIP_MODEL_CONSOLEAPP\ISPOR_HIP_MODEL_CONSOLEAPP\Release\CL.628.read.1.tlog
\\rbamvgf10\u_khorshim$\my documents\visual studio 2012\Projects\ISPOR_HIP_MODEL_CONSOLEAPP\ISPOR_HIP_MODEL_CONSOLEAPP\Release\CL.628.write.1.tlog
\\rbamvgf10\u_khorshim$\my documents\visual studio 2012\Projects\ISPOR_HIP_MODEL_CONSOLEAPP\ISPOR_HIP_MODEL_CONSOLEAPP\Release\CL.7556.read.1.tlog
\\rbamvgf10\u_khorshim$\my documents\visual studio 2012\Projects\ISPOR_HIP_MODEL_CONSOLEAPP\ISPOR_HIP_MODEL_CONSOLEAPP\Release\CL.7556.write.1.tlog
\\rbamvgf10\u_khorshim$\my documents\visual studio 2012\Projects\ISPOR_HIP_MODEL_CONSOLEAPP\ISPOR_HIP_MODEL_CONSOLEAPP\Release\CL.8028.read.1.tlog
\\rbamvgf10\u_khorshim$\my documents\visual studio 2012\Projects\ISPOR_HIP_MODEL_CONSOLEAPP\ISPOR_HIP_MODEL_CONSOLEAPP\Release\CL.8028.write.1.tlog
\\rbamvgf10\u_khorshim$\my documents\visual studio 2012\Projects\ISPOR_HIP_MODEL_CONSOLEAPP\ISPOR_HIP_MODEL_CONSOLEAPP\Release\CL.8300.read.1.tlog
\\rbamvgf10\u_khorshim$\my documents\visual studio 2012\Projects\ISPOR_HIP_MODEL_CONSOLEAPP\ISPOR_HIP_MODEL_CONSOLEAPP\Release\CL.8300.write.1.tlog
\\rbamvgf10\u_khorshim$\my documents\visual studio 2012\Projects\ISPOR_HIP_MODEL_CONSOLEAPP\ISPOR_HIP_MODEL_CONSOLEAPP\Release\CL.8600.read.1.tlog
\\rbamvgf10\u_khorshim$\my documents\visual studio 2012\Projects\ISPOR_HIP_MODEL_CONSOLEAPP\ISPOR_HIP_MODEL_CONSOLEAPP\Release\CL.8600.write.1.tlog
\\rbamvgf10\u_khorshim$\my documents\visual studio 2012\Projects\ISPOR_HIP_MODEL_CONSOLEAPP\ISPOR_HIP_MODEL_CONSOLEAPP\Release\CL.9044.read.1.tlog
\\rbamvgf10\u_khorshim$\my documents\visual studio 2012\Projects\ISPOR_HIP_MODEL_CONSOLEAPP\ISPOR_HIP_MODEL_CONSOLEAPP\Release\CL.9044.write.1.tlog
\\rbamvgf10\u_khorshim$\my documents\visual studio 2012\Projects\ISPOR_HIP_MODEL_CONSOLEAPP\ISPOR_HIP_MODEL_CONSOLEAPP\Release\cl.command.1.tlog
\\rbamvgf10\u_khorshim$\my documents\visual studio 2012\Projects\ISPOR_HIP_MODEL_CONSOLEAPP\ISPOR_HIP_MODEL_CONSOLEAPP\Release\CL.read.1.tlog
\\rbamvgf10\u_khorshim$\my documents\visual studio 2012\Projects\ISPOR_HIP_MODEL_CONSOLEAPP\ISPOR_HIP_MODEL_CONSOLEAPP\Release\CL.write.1.tlog
\\rbamvgf10\u_khorshim$\my documents\visual studio 2012\Projects\ISPOR_HIP_MODEL_CONSOLEAPP\ISPOR_HIP_MODEL_CONSOLEAPP\Release\link-cvtres.read.1.tlog
\\rbamvgf10\u_khorshim$\my documents\visual studio 2012\Projects\ISPOR_HIP_MODEL_CONSOLEAPP\ISPOR_HIP_MODEL_CONSOLEAPP\Release\link-cvtres.write.1.tlog
\\rbamvgf10\u_khorshim$\my documents\visual studio 2012\Projects\ISPOR_HIP_MODEL_CONSOLEAPP\ISPOR_HIP_MODEL_CONSOLEAPP\Release\link-rc.read.1.tlog
\\rbamvgf10\u_khorshim$\my documents\visual studio 2012\Projects\ISPOR_HIP_MODEL_CONSOLEAPP\ISPOR_HIP_MODEL_CONSOLEAPP\Release\link-rc.write.1.tlog
\\rbamvgf10\u_khorshim$\my documents\visual studio 2012\Projects\ISPOR_HIP_MODEL_CONSOLEAPP\ISPOR_HIP_MODEL_CONSOLEAPP\Release\link.command.1.tlog
\\rbamvgf10\u_khorshim$\my documents\visual studio 2012\Projects\ISPOR_HIP_MODEL_CONSOLEAPP\ISPOR_HIP_MODEL_CONSOLEAPP\Release\link.read.1.tlog
\\rbamvgf10\u_khorshim$\my documents\visual studio 2012\Projects\ISPOR_HIP_MODEL_CONSOLEAPP\ISPOR_HIP_MODEL_CONSOLEAPP\Release\link.write.1.tlog
\\rbamvgf10\u_khorshim$\my documents\visual studio 2012\Projects\ISPOR_HIP_MODEL_CONSOLEAPP\Release\ISPOR_HIP_MODEL_CONSOLEAPP.pdb
\\rbamvgf10\u_khorshim$\my documents\visual studio 2012\Projects\ISPOR_HIP_MODEL_CONSOLEAPP\Release\ISPOR_HIP_MODEL_CONSOLEAPP.exe
